# JRE version: Java(TM) SE Runtime Environment (8.0_271-b09) (build 1.8.0_271-b09)
# Java VM: Java HotSpot(TM) 64-Bit Server VM (25.271-b09 mixed mode windows-amd64 compressed oops)
Heap:
 PSYoungGen      total 384512K, used 76149K [0x000000076b900000, 0x0000000785780000, 0x00000007c0000000)
  eden space 368640K, 20% used [0x000000076b900000,0x000000077035d7d0,0x0000000782100000)
  from space 15872K, 0% used [0x0000000783f00000,0x0000000783f00000,0x0000000784e80000)
  to   space 9216K, 0% used [0x0000000784e80000,0x0000000784e80000,0x0000000785780000)
 ParOldGen       total 185856K, used 27086K [0x00000006c2a00000, 0x00000006cdf80000, 0x000000076b900000)
  object space 185856K, 14% used [0x00000006c2a00000,0x00000006c4473b80,0x00000006cdf80000)
 Metaspace       used 57738K, capacity 60892K, committed 61184K, reserved 1101824K
  class space    used 7841K, capacity 8368K, committed 8448K, reserved 1048576K
GC Heap History (10 events):
Event: 9.413 GC heap before
{Heap before GC invocations=8 (full 1):
 PSYoungGen      total 231936K, used 46912K [0x000000076b900000, 0x000000077b100000, 0x00000007c0000000)
  eden space 217088K, 16% used [0x000000076b900000,0x000000076dba4ce8,0x0000000778d00000)
  from space 14848K, 77% used [0x0000000779c80000,0x000000077a7ab6d8,0x000000077ab00000)
  to   space 15872K, 0% used [0x0000000778d00000,0x0000000778d00000,0x0000000779c80000)
 ParOldGen       total 81408K, used 7879K [0x00000006c2a00000, 0x00000006c7980000, 0x000000076b900000)
  object space 81408K, 9% used [0x00000006c2a00000,0x00000006c31b1ee8,0x00000006c7980000)
 Metaspace       used 33366K, capacity 35356K, committed 35496K, reserved 1079296K
  class space    used 4481K, capacity 4834K, committed 4864K, reserved 1048576K
Event: 9.423 GC heap after
Heap after GC invocations=8 (full 1):
 PSYoungGen      total 232960K, used 10269K [0x000000076b900000, 0x0000000786600000, 0x00000007c0000000)
  eden space 217088K, 0% used [0x000000076b900000,0x000000076b900000,0x0000000778d00000)
  from space 15872K, 64% used [0x0000000778d00000,0x0000000779707400,0x0000000779c80000)
  to   space 15360K, 0% used [0x0000000785700000,0x0000000785700000,0x0000000786600000)
 ParOldGen       total 81408K, used 7887K [0x00000006c2a00000, 0x00000006c7980000, 0x000000076b900000)
  object space 81408K, 9% used [0x00000006c2a00000,0x00000006c31b3ee8,0x00000006c7980000)
 Metaspace       used 33366K, capacity 35356K, committed 35496K, reserved 1079296K
  class space    used 4481K, capacity 4834K, committed 4864K, reserved 1048576K
}
Event: 9.423 GC heap before
{Heap before GC invocations=9 (full 2):
 PSYoungGen      total 232960K, used 10269K [0x000000076b900000, 0x0000000786600000, 0x00000007c0000000)
  eden space 217088K, 0% used [0x000000076b900000,0x000000076b900000,0x0000000778d00000)
  from space 15872K, 64% used [0x0000000778d00000,0x0000000779707400,0x0000000779c80000)
  to   space 15360K, 0% used [0x0000000785700000,0x0000000785700000,0x0000000786600000)
 ParOldGen       total 81408K, used 7887K [0x00000006c2a00000, 0x00000006c7980000, 0x000000076b900000)
  object space 81408K, 9% used [0x00000006c2a00000,0x00000006c31b3ee8,0x00000006c7980000)
 Metaspace       used 33366K, capacity 35356K, committed 35496K, reserved 1079296K
  class space    used 4481K, capacity 4834K, committed 4864K, reserved 1048576K
Event: 9.541 GC heap after
Heap after GC invocations=9 (full 2):
 PSYoungGen      total 232960K, used 0K [0x000000076b900000, 0x0000000786600000, 0x00000007c0000000)
  eden space 217088K, 0% used [0x000000076b900000,0x000000076b900000,0x0000000778d00000)
  from space 15872K, 0% used [0x0000000778d00000,0x0000000778d00000,0x0000000779c80000)
  to   space 15360K, 0% used [0x0000000785700000,0x0000000785700000,0x0000000786600000)
 ParOldGen       total 132096K, used 15260K [0x00000006c2a00000, 0x00000006cab00000, 0x000000076b900000)
  object space 132096K, 11% used [0x00000006c2a00000,0x00000006c38e72b8,0x00000006cab00000)
 Metaspace       used 33366K, capacity 35356K, committed 35496K, reserved 1079296K
  class space    used 4481K, capacity 4834K, committed 4864K, reserved 1048576K
}
Event: 11.764 GC heap before
{Heap before GC invocations=10 (full 2):
 PSYoungGen      total 232960K, used 217088K [0x000000076b900000, 0x0000000786600000, 0x00000007c0000000)
  eden space 217088K, 100% used [0x000000076b900000,0x0000000778d00000,0x0000000778d00000)
  from space 15872K, 0% used [0x0000000778d00000,0x0000000778d00000,0x0000000779c80000)
  to   space 15360K, 0% used [0x0000000785700000,0x0000000785700000,0x0000000786600000)
 ParOldGen       total 132096K, used 15260K [0x00000006c2a00000, 0x00000006cab00000, 0x000000076b900000)
  object space 132096K, 11% used [0x00000006c2a00000,0x00000006c38e72b8,0x00000006cab00000)
 Metaspace       used 48969K, capacity 51790K, committed 51840K, reserved 1093632K
  class space    used 6805K, capacity 7286K, committed 7296K, reserved 1048576K
Event: 11.781 GC heap after
Heap after GC invocations=10 (full 2):
 PSYoungGen      total 321024K, used 15336K [0x000000076b900000, 0x0000000786600000, 0x00000007c0000000)
  eden space 305664K, 0% used [0x000000076b900000,0x000000076b900000,0x000000077e380000)
  from space 15360K, 99% used [0x0000000785700000,0x00000007865fa338,0x0000000786600000)
  to   space 19968K, 0% used [0x0000000783f00000,0x0000000783f00000,0x0000000785280000)
 ParOldGen       total 132096K, used 20139K [0x00000006c2a00000, 0x00000006cab00000, 0x000000076b900000)
  object space 132096K, 15% used [0x00000006c2a00000,0x00000006c3daad18,0x00000006cab00000)
 Metaspace       used 48969K, capacity 51790K, committed 51840K, reserved 1093632K
  class space    used 6805K, capacity 7286K, committed 7296K, reserved 1048576K
}
Event: 106.197 GC heap before
{Heap before GC invocations=11 (full 2):
 PSYoungGen      total 321024K, used 190010K [0x000000076b900000, 0x0000000786600000, 0x00000007c0000000)
  eden space 305664K, 57% used [0x000000076b900000,0x0000000776394718,0x000000077e380000)
  from space 15360K, 99% used [0x0000000785700000,0x00000007865fa338,0x0000000786600000)
  to   space 19968K, 0% used [0x0000000783f00000,0x0000000783f00000,0x0000000785280000)
 ParOldGen       total 132096K, used 20139K [0x00000006c2a00000, 0x00000006cab00000, 0x000000076b900000)
  object space 132096K, 15% used [0x00000006c2a00000,0x00000006c3daad18,0x00000006cab00000)
 Metaspace       used 56060K, capacity 59028K, committed 59160K, reserved 1099776K
  class space    used 7736K, capacity 8243K, committed 8320K, reserved 1048576K
Event: 106.219 GC heap after
Heap after GC invocations=11 (full 2):
 PSYoungGen      total 384512K, used 15437K [0x000000076b900000, 0x0000000785780000, 0x00000007c0000000)
  eden space 368640K, 0% used [0x000000076b900000,0x000000076b900000,0x0000000782100000)
  from space 15872K, 97% used [0x0000000783f00000,0x0000000784e135a0,0x0000000784e80000)
  to   space 9216K, 0% used [0x0000000784e80000,0x0000000784e80000,0x0000000785780000)
 ParOldGen       total 132096K, used 20211K [0x00000006c2a00000, 0x00000006cab00000, 0x000000076b900000)
  object space 132096K, 15% used [0x00000006c2a00000,0x00000006c3dbcd28,0x00000006cab00000)
 Metaspace       used 56060K, capacity 59028K, committed 59160K, reserved 1099776K
  class space    used 7736K, capacity 8243K, committed 8320K, reserved 1048576K
}
Event: 106.219 GC heap before
{Heap before GC invocations=12 (full 3):
 PSYoungGen      total 384512K, used 15437K [0x000000076b900000, 0x0000000785780000, 0x00000007c0000000)
  eden space 368640K, 0% used [0x000000076b900000,0x000000076b900000,0x0000000782100000)
  from space 15872K, 97% used [0x0000000783f00000,0x0000000784e135a0,0x0000000784e80000)
  to   space 9216K, 0% used [0x0000000784e80000,0x0000000784e80000,0x0000000785780000)
 ParOldGen       total 132096K, used 20211K [0x00000006c2a00000, 0x00000006cab00000, 0x000000076b900000)
  object space 132096K, 15% used [0x00000006c2a00000,0x00000006c3dbcd28,0x00000006cab00000)
 Metaspace       used 56060K, capacity 59028K, committed 59160K, reserved 1099776K
  class space    used 7736K, capacity 8243K, committed 8320K, reserved 1048576K
Event: 106.389 GC heap after
Heap after GC invocations=12 (full 3):
 PSYoungGen      total 384512K, used 0K [0x000000076b900000, 0x0000000785780000, 0x00000007c0000000)
  eden space 368640K, 0% used [0x000000076b900000,0x000000076b900000,0x0000000782100000)
  from space 15872K, 0% used [0x0000000783f00000,0x0000000783f00000,0x0000000784e80000)
  to   space 9216K, 0% used [0x0000000784e80000,0x0000000784e80000,0x0000000785780000)
 ParOldGen       total 185856K, used 27086K [0x00000006c2a00000, 0x00000006cdf80000, 0x000000076b900000)
  object space 185856K, 14% used [0x00000006c2a00000,0x00000006c4473b80,0x00000006cdf80000)
 Metaspace       used 56060K, capacity 59028K, committed 59160K, reserved 1099776K
  class space    used 7736K, capacity 8243K, committed 8320K, reserved 1048576K
}

